ï»¿
> global-barternet@0.1.0 build
> prisma generate && next build

Environment variables loaded from .env
Prisma schema loaded from prisma\schema.prisma

Î“Â£Ă¶ Generated Prisma Client (v5.22.0) to .\node_modules\@prisma\client in 310ms

Start by importing your Prisma Client (See: https://pris.ly/d/importing-client)

Tip: Want to turn off tips and other hints? https://pris.ly/tip-4-nohints

node.exe : Î“Ă¶Ă®Î“Ă¶Ă‡Î“Ă¶Ă‡Î“Ă¶Ă‡Î“Ă¶Ă‡Î“Ă¶Ă‡Î“Ă¶Ă‡Î“Ă¶Ă‡Î“Ă¶Ă‡Î“Ă¶Ă‡Î“Ă¶Ă‡Î“Ă¶Ă‡Î“Ă¶Ă‡Î“Ă¶Ă‡Î“Ă¶Ă‡Î“Ă¶Ă‡Î“Ă¶Ă‡Î“Ă¶Ă‡Î“Ă¶Ă‡Î“Ă¶Ă‡Î“Ă¶Ă‡Î“Ă¶Ă‡Î“Ă¶Ă‡Î“Ă¶Ă‡Î“Ă¶Ă‡
Î“Ă¶Ă‡Î“Ă¶Ă‡Î“Ă¶Ă‡Î“Ă¶Ă‡Î“Ă¶Ă‡Î“Ă¶Ă‡Î“Ă¶Ă‡Î“Ă¶Ă‡Î“Ă¶Ă‡Î“Ă¶Ă‡Î“Ă¶Ă‡Î“Ă¶Ă‡Î“Ă¶Ă‡Î“Ă¶Ă‡Î“Ă¶Ă‡Î“Ă¶Ă‡Î“Ă¶Ă‡Î“Ă¶Ă‡Î“Ă¶Ă‡Î“Ă¶Ă‡Î“Ă¶Ă‡Î“Ă¶Ă‡Î“Ă¶Ă‡Î“Ă¶Ă‡Î“Ă¶Ă‡Î“Ă¶Ă‡Î“Ă¶Ă‡Î“Ă¶Ă‡Î“Ă¶
Ă‡Î“Ă¶Ă‡Î“Ă¶Ă‡Î“Ă¶Ă‡Î“Ă¶Ă‡Î“Ă¶Ă‰
At line:1 char:1
+ & "C:\Program Files\nodejs/node.exe" "C:\Program Files\nodejs/node_mo ...
+ ~~~~~~~~~~~~~~~~~~~~~~~~~~~~~~~~~~~~~~~~~~~~~~~~~~~~~~~~~~~~~~~~~~~~~
    + CategoryInfo          : NotSpecified: (Î“Ă¶Ă®Î“Ă¶Ă‡Î“Ă¶Ă‡Î“Ă¶Ă‡Î“Ă¶Ă‡...Î“Ă¶Ă‡Î“Ă¶Ă‡Î“Ă¶Ă‡Î“Ă¶Ă‡Î“Ă¶Ă‰:String 
   ) [], RemoteException
    + FullyQualifiedErrorId : NativeCommandError
 
Î“Ă¶Ă©  Update available 5.22.0 -> 7.5.0                       Î“Ă¶Ă©
Î“Ă¶Ă©                                                         Î“Ă¶Ă©
Î“Ă¶Ă©  This is a major update - please follow the guide at    Î“Ă¶Ă©
Î“Ă¶Ă©  https://pris.ly/d/major-version-upgrade                Î“Ă¶Ă©
Î“Ă¶Ă©                                                         Î“Ă¶Ă©
Î“Ă¶Ă©  Run the following to update                            Î“Ă¶Ă©
Î“Ă¶Ă©    npm i --save-dev prisma@latest                       Î“Ă¶Ă©
Î“Ă¶Ă©    npm i @prisma/client@latest                          Î“Ă¶Ă©
Î“Ă¶Ă¶Î“Ă¶Ă‡Î“Ă¶Ă‡Î“Ă¶Ă‡Î“Ă¶Ă‡Î“Ă¶Ă‡Î“Ă¶Ă‡Î“Ă¶Ă‡Î“Ă¶Ă‡Î“Ă¶Ă‡Î“Ă¶Ă‡Î“Ă¶Ă‡Î“Ă¶Ă‡Î“Ă¶Ă‡Î“Ă¶Ă‡Î“Ă¶Ă‡Î“Ă¶Ă‡Î“Ă¶Ă‡Î“Ă¶Ă‡Î“Ă¶Ă‡Î“Ă¶Ă‡Î“Ă¶Ă‡Î“Ă¶Ă‡Î“Ă¶Ă‡Î“Ă¶Ă‡Î“Ă¶Ă‡Î“Ă¶Ă‡Î“Ă¶Ă‡Î“Ă¶
Ă‡Î“Ă¶Ă‡Î“Ă¶Ă‡Î“Ă¶Ă‡Î“Ă¶Ă‡Î“Ă¶Ă‡Î“Ă¶Ă‡Î“Ă¶Ă‡Î“Ă¶Ă‡Î“Ă¶Ă‡Î“Ă¶Ă‡Î“Ă¶Ă‡Î“Ă¶Ă‡Î“Ă¶Ă‡Î“Ă¶Ă‡Î“Ă¶Ă‡Î“Ă¶Ă‡Î“Ă¶Ă‡Î“Ă¶Ă‡Î“Ă¶Ă‡Î“Ă¶Ă‡Î“Ă¶Ă‡Î“Ă¶Ă‡Î“Ă¶Ă‡Î“Ă¶Ă‡Î“Ă¶Ă‡Î“Ă¶Ă‡Î“Ă¶Ă‡Î“Ă¶Ă‡Î“
Ă¶Ă‡Î“Ă¶Ă¿
  Î“Ă»â–“ Next.js 14.2.35
  - Environments: .env

   Creating an optimized production build ...
